[2026-01-09 13:10:47] ============================================
[2026-01-09 13:10:47] STL Object Detection System Starting
[2026-01-09 13:10:47] ============================================
[2026-01-09 13:10:47] Starting detector (attempt 1/10)
[2026-01-09 13:14:26] Detector exited normally
[2026-01-09 13:14:26] Detector shutdown complete
[2026-01-09 13:15:50] ============================================
[2026-01-09 13:15:50] STL Object Detection System Starting
[2026-01-09 13:15:50] ============================================
[2026-01-09 13:15:50] Starting detector (attempt 1/10)
[2026-01-09 13:16:12] Detector exited normally
[2026-01-09 13:16:12] Detector shutdown complete
[2026-01-09 13:16:25] ============================================
[2026-01-09 13:16:25] STL Object Detection System Starting
[2026-01-09 13:16:25] ============================================
[2026-01-09 13:16:25] Starting detector (attempt 1/10)
[2026-01-09 13:17:22] Detector exited normally
[2026-01-09 13:17:22] Detector shutdown complete
[2026-01-09 13:18:45] ============================================
[2026-01-09 13:18:45] STL Object Detection System Starting
[2026-01-09 13:18:45] ============================================
[2026-01-09 13:18:45] Starting detector (attempt 1/10)
[2026-01-09 13:26:53] Detector exited normally
[2026-01-09 13:26:53] Detector shutdown complete
[2026-01-09 14:46:45] ============================================
[2026-01-09 14:46:45] STL Object Detection System Starting
[2026-01-09 14:46:45] ============================================
[2026-01-09 14:46:45] Starting detector (attempt 1/10)
[2026-01-09 14:47:43] Detector exited normally
[2026-01-09 14:47:43] Detector shutdown complete
[2026-01-09 14:57:34] ============================================
[2026-01-09 14:57:34] STL Object Detection System Starting
[2026-01-09 14:57:34] ============================================
[2026-01-09 14:57:34] Starting detector (attempt 1/10)
[2026-01-09 14:58:13] Detector exited normally
[2026-01-09 14:58:13] Detector shutdown complete
[2026-01-09 15:15:46] ============================================
[2026-01-09 15:15:46] STL Object Detection System Starting
[2026-01-09 15:15:46] ============================================
[2026-01-09 15:15:46] Starting detector (attempt 1/10)
[2026-01-09 15:18:13] Detector exited normally
[2026-01-09 15:18:13] Detector shutdown complete
[2026-01-09 18:10:59] ============================================
[2026-01-09 18:10:59] STL Object Detection System Starting
[2026-01-09 18:10:59] ============================================
[2026-01-09 18:10:59] Starting detector (attempt 1/10)
[2026-01-09 18:11:43] Detector exited normally
[2026-01-09 18:11:43] Detector shutdown complete
[2026-01-09 18:13:15] ============================================
[2026-01-09 18:13:15] STL Object Detection System Starting
[2026-01-09 18:13:15] ============================================
[2026-01-09 18:13:15] Starting detector (attempt 1/10)
[2026-01-09 18:14:02] Detector exited normally
[2026-01-09 18:14:02] Detector shutdown complete
